Performing C SOURCE FILE Test CMAKE_HAVE_LIBC_PTHREAD failed with the following output:
Change Dir: /home/grandpadzb/github/Jijv/build/CMakeFiles/CMakeTmp

Run Build Command(s):/usr/bin/make cmTC_23094/fast && /usr/bin/make  -f CMakeFiles/cmTC_23094.dir/build.make CMakeFiles/cmTC_23094.dir/build
make[1]: 进入目录“/home/grandpadzb/github/Jijv/build/CMakeFiles/CMakeTmp”
Building C object CMakeFiles/cmTC_23094.dir/src.c.o
/usr/bin/cc   -DCMAKE_HAVE_LIBC_PTHREAD -o CMakeFiles/cmTC_23094.dir/src.c.o -c /home/grandpadzb/github/Jijv/build/CMakeFiles/CMakeTmp/src.c
Linking C executable cmTC_23094
/home/grandpadzb/.local/lib/python3.6/site-packages/cmake/data/bin/cmake -E cmake_link_script CMakeFiles/cmTC_23094.dir/link.txt --verbose=1
/usr/bin/cc  -DCMAKE_HAVE_LIBC_PTHREAD -rdynamic CMakeFiles/cmTC_23094.dir/src.c.o -o cmTC_23094 
CMakeFiles/cmTC_23094.dir/src.c.o：在函数‘main’中：
src.c:(.text+0x3e)：对‘pthread_create’未定义的引用
src.c:(.text+0x4a)：对‘pthread_detach’未定义的引用
src.c:(.text+0x56)：对‘pthread_cancel’未定义的引用
src.c:(.text+0x67)：对‘pthread_join’未定义的引用
src.c:(.text+0x7b)：对‘pthread_atfork’未定义的引用
collect2: error: ld returned 1 exit status
CMakeFiles/cmTC_23094.dir/build.make:105: recipe for target 'cmTC_23094' failed
make[1]: *** [cmTC_23094] Error 1
make[1]: 离开目录“/home/grandpadzb/github/Jijv/build/CMakeFiles/CMakeTmp”
Makefile:140: recipe for target 'cmTC_23094/fast' failed
make: *** [cmTC_23094/fast] Error 2


Source file was:
#include <pthread.h>

void* test_func(void* data)
{
  return data;
}

int main(void)
{
  pthread_t thread;
  pthread_create(&thread, NULL, test_func, NULL);
  pthread_detach(thread);
  pthread_cancel(thread);
  pthread_join(thread, NULL);
  pthread_atfork(NULL, NULL, NULL);
  pthread_exit(NULL);

  return 0;
}

Determining if the function pthread_create exists in the pthreads failed with the following output:
Change Dir: /home/grandpadzb/github/Jijv/build/CMakeFiles/CMakeTmp

Run Build Command(s):/usr/bin/make cmTC_f60b0/fast && /usr/bin/make  -f CMakeFiles/cmTC_f60b0.dir/build.make CMakeFiles/cmTC_f60b0.dir/build
make[1]: 进入目录“/home/grandpadzb/github/Jijv/build/CMakeFiles/CMakeTmp”
Building C object CMakeFiles/cmTC_f60b0.dir/CheckFunctionExists.c.o
/usr/bin/cc   -DCHECK_FUNCTION_EXISTS=pthread_create -o CMakeFiles/cmTC_f60b0.dir/CheckFunctionExists.c.o -c /home/grandpadzb/.local/lib/python3.6/site-packages/cmake/data/share/cmake-3.18/Modules/CheckFunctionExists.c
Linking C executable cmTC_f60b0
/home/grandpadzb/.local/lib/python3.6/site-packages/cmake/data/bin/cmake -E cmake_link_script CMakeFiles/cmTC_f60b0.dir/link.txt --verbose=1
/usr/bin/cc  -DCHECK_FUNCTION_EXISTS=pthread_create -rdynamic CMakeFiles/cmTC_f60b0.dir/CheckFunctionExists.c.o -o cmTC_f60b0  -lpthreads 
/usr/bin/ld: 找不到 -lpthreads
collect2: error: ld returned 1 exit status
CMakeFiles/cmTC_f60b0.dir/build.make:105: recipe for target 'cmTC_f60b0' failed
make[1]: *** [cmTC_f60b0] Error 1
make[1]: 离开目录“/home/grandpadzb/github/Jijv/build/CMakeFiles/CMakeTmp”
Makefile:140: recipe for target 'cmTC_f60b0/fast' failed
make: *** [cmTC_f60b0/fast] Error 2



